\BOOKMARK [0][-]{chapter.1}{Kelas dan Objek}{}% 1
\BOOKMARK [1][-]{section.1.1}{Tujuan}{chapter.1}% 2
\BOOKMARK [1][-]{section.1.2}{Pengantar}{chapter.1}% 3
\BOOKMARK [1][-]{section.1.3}{Praktek}{chapter.1}% 4
\BOOKMARK [2][-]{subsection.1.3.1}{Kelas}{section.1.3}% 5
\BOOKMARK [2][-]{subsection.1.3.2}{Objek}{section.1.3}% 6
\BOOKMARK [1][-]{section.1.4}{Kesimpulan}{chapter.1}% 7
\BOOKMARK [1][-]{section.1.5}{Tugas}{chapter.1}% 8
\BOOKMARK [0][-]{chapter.2}{Konstruktor, Field, dan Overloading}{}% 9
\BOOKMARK [1][-]{section.2.1}{Tujuan}{chapter.2}% 10
\BOOKMARK [1][-]{section.2.2}{Pengantar}{chapter.2}% 11
\BOOKMARK [1][-]{section.2.3}{Praktek}{chapter.2}% 12
\BOOKMARK [2][-]{subsection.2.3.1}{Konstruktor}{section.2.3}% 13
\BOOKMARK [2][-]{subsection.2.3.2}{Field}{section.2.3}% 14
\BOOKMARK [2][-]{subsection.2.3.3}{Overloading}{section.2.3}% 15
\BOOKMARK [1][-]{section.2.4}{Kesimpulan}{chapter.2}% 16
\BOOKMARK [1][-]{section.2.5}{Tugas}{chapter.2}% 17
\BOOKMARK [0][-]{chapter.3}{Struktur Percabangan dan Perulangan}{}% 18
\BOOKMARK [1][-]{section.3.1}{Tujuan}{chapter.3}% 19
\BOOKMARK [1][-]{section.3.2}{Pengantar}{chapter.3}% 20
\BOOKMARK [1][-]{section.3.3}{Praktek}{chapter.3}% 21
\BOOKMARK [2][-]{subsection.3.3.1}{Percabangan}{section.3.3}% 22
\BOOKMARK [2][-]{subsection.3.3.2}{Perulangan}{section.3.3}% 23
\BOOKMARK [1][-]{section.3.4}{Kesimpulan}{chapter.3}% 24
\BOOKMARK [1][-]{section.3.5}{Tugas}{chapter.3}% 25
\BOOKMARK [0][-]{chapter.4}{Paket}{}% 26
\BOOKMARK [1][-]{section.4.1}{Tujuan}{chapter.4}% 27
\BOOKMARK [1][-]{section.4.2}{Pengantar}{chapter.4}% 28
\BOOKMARK [1][-]{section.4.3}{Praktek}{chapter.4}% 29
\BOOKMARK [1][-]{section.4.4}{Kesimpulan}{chapter.4}% 30
\BOOKMARK [1][-]{section.4.5}{Tugas}{chapter.4}% 31
\BOOKMARK [0][-]{chapter.5}{Inheritance, Encapsulation, dan Polimorphism}{}% 32
\BOOKMARK [1][-]{section.5.1}{Tujuan}{chapter.5}% 33
\BOOKMARK [1][-]{section.5.2}{Pengantar}{chapter.5}% 34
\BOOKMARK [1][-]{section.5.3}{Praktek}{chapter.5}% 35
\BOOKMARK [2][-]{subsection.5.3.1}{Inheritance}{section.5.3}% 36
\BOOKMARK [2][-]{subsection.5.3.2}{Encapsulation}{section.5.3}% 37
\BOOKMARK [2][-]{subsection.5.3.3}{Polimorphism}{section.5.3}% 38
\BOOKMARK [1][-]{section.5.4}{Kesimpulan}{chapter.5}% 39
\BOOKMARK [1][-]{section.5.5}{Tugas}{chapter.5}% 40
